<?xml version="1.0" encoding="UTF-8"?><testrun name="ProductMapperTest" project="store" tests="2" started="2" failures="1" errors="0" ignored="0">
  <testsuite name="com.example.demo.mapper.ProductMapperTest" time="1.372" displayname="ProductMapperTest" uniqueid="[engine:junit-jupiter]/[class:com.example.demo.mapper.ProductMapperTest]">
    <testcase name="testBean" classname="com.example.demo.mapper.ProductMapperTest" time="0.774" displayname="ProductMapper인터페이스 구현체를 잘 주입받았는지 테스트" uniqueid="[engine:junit-jupiter]/[class:com.example.demo.mapper.ProductMapperTest]/[method:testBean()]"/>
    <testcase name="testGetTotalRows" classname="com.example.demo.mapper.ProductMapperTest" time="0.597" displayname="조회조건에 맞게 데이터 갯수를 잘 조회하는지 테스트" uniqueid="[engine:junit-jupiter]/[class:com.example.demo.mapper.ProductMapperTest]/[method:testGetTotalRows()]">
      <failure>java.lang.AssertionError: &#13;
Expecting actual:&#13;
  156&#13;
to be less than:&#13;
  0 &#13;
	at com.example.demo.mapper.ProductMapperTest.testGetTotalRows(ProductMapperTest.java:40)&#13;
	at java.base/java.lang.reflect.Method.invoke(Method.java:580)&#13;
	at java.base/java.util.ArrayList.forEach(ArrayList.java:1596)&#13;
	at java.base/java.util.ArrayList.forEach(ArrayList.java:1596)&#13;
&#13;
</failure>
    </testcase>
  </testsuite>
</testrun>
