# JRE version: OpenJDK Runtime Environment Temurin-21.0.4+7 (21.0.4+7) (build 21.0.4+7-LTS)
# Java VM: OpenJDK 64-Bit Server VM Temurin-21.0.4+7 (21.0.4+7-LTS, mixed mode, emulated-client, tiered, compressed oops, compressed class ptrs, g1 gc, windows-amd64)
GC Precious Log:
 CardTable entry size: 512
 Card Set container configuration: InlinePtr #cards 5 size 8 Array Of Cards #cards 12 size 40 Howl #buckets 4 coarsen threshold 1843 Howl Bitmap #cards 512 size 80 coarsen threshold 460 Card regions per heap region 1 cards per card region 2048
 CPUs: 8 total, 8 available
 Memory: 16278M
 Large Page Support: Disabled
 NUMA Support: Disabled
 Compressed Oops: Enabled (32-bit)
 Heap Region Size: 1M
 Heap Min Capacity: 8M
 Heap Initial Capacity: 256M
 Heap Max Capacity: 1G
 Pre-touch: Disabled
 Parallel Workers: 8
 Concurrent Workers: 2
 Concurrent Refinement Workers: 8
 Periodic GC: Disabled
Heap:
 garbage-first heap   total 102400K, used 29685K [0x00000000c0000000, 0x0000000100000000)
  region size 1024K, 1 young (1024K), 0 survivors (0K)
 Metaspace       used 55866K, committed 56448K, reserved 1114112K
  class space    used 6534K, committed 6848K, reserved 1048576K
GC Heap History (20 events):
Event: 176315.244 GC heap after
{Heap after GC invocations=17290 (full 17280):
 garbage-first heap   total 102400K, used 29685K [0x00000000c0000000, 0x0000000100000000)
  region size 1024K, 0 young (0K), 0 survivors (0K)
 Metaspace       used 55866K, committed 56448K, reserved 1114112K
  class space    used 6534K, committed 6848K, reserved 1048576K
}
Event: 176325.379 GC heap before
{Heap before GC invocations=17290 (full 17280):
 garbage-first heap   total 102400K, used 29685K [0x00000000c0000000, 0x0000000100000000)
  region size 1024K, 1 young (1024K), 0 survivors (0K)
 Metaspace       used 55866K, committed 56448K, reserved 1114112K
  class space    used 6534K, committed 6848K, reserved 1048576K
}
Event: 176325.394 GC heap after
{Heap after GC invocations=17291 (full 17281):
 garbage-first heap   total 102400K, used 29685K [0x00000000c0000000, 0x0000000100000000)
  region size 1024K, 0 young (0K), 0 survivors (0K)
 Metaspace       used 55866K, committed 56448K, reserved 1114112K
  class space    used 6534K, committed 6848K, reserved 1048576K
}
Event: 176335.527 GC heap before
{Heap before GC invocations=17291 (full 17281):
 garbage-first heap   total 102400K, used 29685K [0x00000000c0000000, 0x0000000100000000)
  region size 1024K, 1 young (1024K), 0 survivors (0K)
 Metaspace       used 55866K, committed 56448K, reserved 1114112K
  class space    used 6534K, committed 6848K, reserved 1048576K
}
Event: 176335.542 GC heap after
{Heap after GC invocations=17292 (full 17282):
 garbage-first heap   total 102400K, used 29685K [0x00000000c0000000, 0x0000000100000000)
  region size 1024K, 0 young (0K), 0 survivors (0K)
 Metaspace       used 55866K, committed 56448K, reserved 1114112K
  class space    used 6534K, committed 6848K, reserved 1048576K
}
Event: 176345.677 GC heap before
{Heap before GC invocations=17292 (full 17282):
 garbage-first heap   total 102400K, used 29685K [0x00000000c0000000, 0x0000000100000000)
  region size 1024K, 1 young (1024K), 0 survivors (0K)
 Metaspace       used 55866K, committed 56448K, reserved 1114112K
  class space    used 6534K, committed 6848K, reserved 1048576K
}
Event: 176345.692 GC heap after
{Heap after GC invocations=17293 (full 17283):
 garbage-first heap   total 102400K, used 29685K [0x00000000c0000000, 0x0000000100000000)
  region size 1024K, 0 young (0K), 0 survivors (0K)
 Metaspace       used 55866K, committed 56448K, reserved 1114112K
  class space    used 6534K, committed 6848K, reserved 1048576K
}
Event: 176355.836 GC heap before
{Heap before GC invocations=17293 (full 17283):
 garbage-first heap   total 102400K, used 29685K [0x00000000c0000000, 0x0000000100000000)
  region size 1024K, 1 young (1024K), 0 survivors (0K)
 Metaspace       used 55866K, committed 56448K, reserved 1114112K
  class space    used 6534K, committed 6848K, reserved 1048576K
}
Event: 176355.851 GC heap after
{Heap after GC invocations=17294 (full 17284):
 garbage-first heap   total 102400K, used 29685K [0x00000000c0000000, 0x0000000100000000)
  region size 1024K, 0 young (0K), 0 survivors (0K)
 Metaspace       used 55866K, committed 56448K, reserved 1114112K
  class space    used 6534K, committed 6848K, reserved 1048576K
}
Event: 176365.987 GC heap before
{Heap before GC invocations=17294 (full 17284):
 garbage-first heap   total 102400K, used 29685K [0x00000000c0000000, 0x0000000100000000)
  region size 1024K, 1 young (1024K), 0 survivors (0K)
 Metaspace       used 55866K, committed 56448K, reserved 1114112K
  class space    used 6534K, committed 6848K, reserved 1048576K
}
Event: 176366.002 GC heap after
{Heap after GC invocations=17295 (full 17285):
 garbage-first heap   total 102400K, used 29685K [0x00000000c0000000, 0x0000000100000000)
  region size 1024K, 0 young (0K), 0 survivors (0K)
 Metaspace       used 55866K, committed 56448K, reserved 1114112K
  class space    used 6534K, committed 6848K, reserved 1048576K
}
Event: 176376.135 GC heap before
{Heap before GC invocations=17295 (full 17285):
 garbage-first heap   total 102400K, used 29685K [0x00000000c0000000, 0x0000000100000000)
  region size 1024K, 1 young (1024K), 0 survivors (0K)
 Metaspace       used 55866K, committed 56448K, reserved 1114112K
  class space    used 6534K, committed 6848K, reserved 1048576K
}
Event: 176376.150 GC heap after
{Heap after GC invocations=17296 (full 17286):
 garbage-first heap   total 102400K, used 29685K [0x00000000c0000000, 0x0000000100000000)
  region size 1024K, 0 young (0K), 0 survivors (0K)
 Metaspace       used 55866K, committed 56448K, reserved 1114112K
  class space    used 6534K, committed 6848K, reserved 1048576K
}
Event: 176386.270 GC heap before
{Heap before GC invocations=17296 (full 17286):
 garbage-first heap   total 102400K, used 29685K [0x00000000c0000000, 0x0000000100000000)
  region size 1024K, 1 young (1024K), 0 survivors (0K)
 Metaspace       used 55866K, committed 56448K, reserved 1114112K
  class space    used 6534K, committed 6848K, reserved 1048576K
}
Event: 176386.285 GC heap after
{Heap after GC invocations=17297 (full 17287):
 garbage-first heap   total 102400K, used 29685K [0x00000000c0000000, 0x0000000100000000)
  region size 1024K, 0 young (0K), 0 survivors (0K)
 Metaspace       used 55866K, committed 56448K, reserved 1114112K
  class space    used 6534K, committed 6848K, reserved 1048576K
}
Event: 176396.430 GC heap before
{Heap before GC invocations=17297 (full 17287):
 garbage-first heap   total 102400K, used 29685K [0x00000000c0000000, 0x0000000100000000)
  region size 1024K, 1 young (1024K), 0 survivors (0K)
 Metaspace       used 55866K, committed 56448K, reserved 1114112K
  class space    used 6534K, committed 6848K, reserved 1048576K
}
Event: 176396.445 GC heap after
{Heap after GC invocations=17298 (full 17288):
 garbage-first heap   total 102400K, used 29685K [0x00000000c0000000, 0x0000000100000000)
  region size 1024K, 0 young (0K), 0 survivors (0K)
 Metaspace       used 55866K, committed 56448K, reserved 1114112K
  class space    used 6534K, committed 6848K, reserved 1048576K
}
Event: 176406.574 GC heap before
{Heap before GC invocations=17298 (full 17288):
 garbage-first heap   total 102400K, used 29685K [0x00000000c0000000, 0x0000000100000000)
  region size 1024K, 1 young (1024K), 0 survivors (0K)
 Metaspace       used 55866K, committed 56448K, reserved 1114112K
  class space    used 6534K, committed 6848K, reserved 1048576K
}
Event: 176406.589 GC heap after
{Heap after GC invocations=17299 (full 17289):
 garbage-first heap   total 102400K, used 29685K [0x00000000c0000000, 0x0000000100000000)
  region size 1024K, 0 young (0K), 0 survivors (0K)
 Metaspace       used 55866K, committed 56448K, reserved 1114112K
  class space    used 6534K, committed 6848K, reserved 1048576K
}
Event: 176416.647 GC heap before
{Heap before GC invocations=17299 (full 17289):
 garbage-first heap   total 102400K, used 29685K [0x00000000c0000000, 0x0000000100000000)
  region size 1024K, 1 young (1024K), 0 survivors (0K)
 Metaspace       used 55866K, committed 56448K, reserved 1114112K
  class space    used 6534K, committed 6848K, reserved 1048576K
}

